{"C:\\Users\\Burak\\Documents\\Visual Studio 2015\\Projects\\PokeChat\\app.js":{"path":"C:\\Users\\Burak\\Documents\\Visual Studio 2015\\Projects\\PokeChat\\app.js","s":{"1":1,"2":1,"3":1,"4":1,"5":1,"6":1,"7":1,"8":1,"9":1,"10":1,"11":1,"12":1,"13":1,"14":1,"15":1,"16":0,"17":1,"18":1,"19":1,"20":1,"21":1,"22":1,"23":1,"24":1,"25":1,"26":1,"27":1,"28":1,"29":1,"30":1,"31":1,"32":1,"33":1,"34":1,"35":0,"36":0,"37":0,"38":1,"39":1,"40":0,"41":0,"42":1,"43":0,"44":0,"45":1,"46":1,"47":1,"48":0,"49":1,"50":1,"51":1,"52":0,"53":0,"54":0,"55":0,"56":0,"57":0,"58":0,"59":0,"60":0,"61":0,"62":0,"63":0,"64":0,"65":0,"66":0,"67":0,"68":0,"69":1,"70":0,"71":0,"72":0,"73":0,"74":0,"75":0,"76":0,"77":0,"78":0,"79":0,"80":1},"b":{"1":[1,0],"2":[0,0],"3":[0,0],"4":[0,1],"5":[0,0],"6":[0,0],"7":[0,0]},"f":{"1":0,"2":1,"3":0,"4":0,"5":0,"6":0,"7":0,"8":0,"9":0,"10":0,"11":0},"fnMap":{"1":{"name":"(anonymous_1)","line":24,"loc":{"start":{"line":24,"column":20},"end":{"line":24,"column":35}}},"2":{"name":"(anonymous_2)","line":25,"loc":{"start":{"line":25,"column":21},"end":{"line":25,"column":33}}},"3":{"name":"(anonymous_3)","line":58,"loc":{"start":{"line":58,"column":8},"end":{"line":58,"column":34}}},"4":{"name":"(anonymous_4)","line":69,"loc":{"start":{"line":69,"column":12},"end":{"line":69,"column":43}}},"5":{"name":"(anonymous_5)","line":80,"loc":{"start":{"line":80,"column":8},"end":{"line":80,"column":39}}},"6":{"name":"(anonymous_6)","line":98,"loc":{"start":{"line":98,"column":20},"end":{"line":98,"column":38}}},"7":{"name":"(anonymous_7)","line":103,"loc":{"start":{"line":103,"column":28},"end":{"line":103,"column":40}}},"8":{"name":"(anonymous_8)","line":108,"loc":{"start":{"line":108,"column":23},"end":{"line":108,"column":39}}},"9":{"name":"(anonymous_9)","line":123,"loc":{"start":{"line":123,"column":37},"end":{"line":123,"column":53}}},"10":{"name":"(anonymous_10)","line":128,"loc":{"start":{"line":128,"column":33},"end":{"line":128,"column":49}}},"11":{"name":"removeFromArray","line":135,"loc":{"start":{"line":135,"column":0},"end":{"line":135,"column":32}}}},"statementMap":{"1":{"start":{"line":1,"column":0},"end":{"line":1,"column":33}},"2":{"start":{"line":2,"column":0},"end":{"line":2,"column":27}},"3":{"start":{"line":3,"column":0},"end":{"line":3,"column":39}},"4":{"start":{"line":4,"column":0},"end":{"line":4,"column":31}},"5":{"start":{"line":5,"column":0},"end":{"line":5,"column":44}},"6":{"start":{"line":6,"column":0},"end":{"line":6,"column":40}},"7":{"start":{"line":8,"column":0},"end":{"line":8,"column":41}},"8":{"start":{"line":9,"column":0},"end":{"line":9,"column":35}},"9":{"start":{"line":12,"column":0},"end":{"line":12,"column":27}},"10":{"start":{"line":17,"column":0},"end":{"line":17,"column":36}},"11":{"start":{"line":18,"column":0},"end":{"line":18,"column":46}},"12":{"start":{"line":20,"column":0},"end":{"line":20,"column":35}},"13":{"start":{"line":22,"column":0},"end":{"line":22,"column":52}},"14":{"start":{"line":23,"column":0},"end":{"line":23,"column":52}},"15":{"start":{"line":24,"column":0},"end":{"line":24,"column":66}},"16":{"start":{"line":24,"column":37},"end":{"line":24,"column":62}},"17":{"start":{"line":25,"column":0},"end":{"line":27,"column":3}},"18":{"start":{"line":26,"column":4},"end":{"line":26,"column":43}},"19":{"start":{"line":30,"column":0},"end":{"line":30,"column":20}},"20":{"start":{"line":33,"column":1},"end":{"line":33,"column":49}},"21":{"start":{"line":34,"column":1},"end":{"line":34,"column":32}},"22":{"start":{"line":38,"column":0},"end":{"line":38,"column":23}},"23":{"start":{"line":39,"column":0},"end":{"line":39,"column":38}},"24":{"start":{"line":40,"column":0},"end":{"line":40,"column":27}},"25":{"start":{"line":41,"column":0},"end":{"line":41,"column":52}},"26":{"start":{"line":43,"column":0},"end":{"line":43,"column":24}},"27":{"start":{"line":44,"column":0},"end":{"line":44,"column":56}},"28":{"start":{"line":45,"column":0},"end":{"line":45,"column":31}},"29":{"start":{"line":46,"column":0},"end":{"line":46,"column":28}},"30":{"start":{"line":50,"column":0},"end":{"line":50,"column":46}},"31":{"start":{"line":51,"column":0},"end":{"line":51,"column":23}},"32":{"start":{"line":54,"column":0},"end":{"line":54,"column":23}},"33":{"start":{"line":55,"column":0},"end":{"line":55,"column":23}},"34":{"start":{"line":58,"column":0},"end":{"line":62,"column":3}},"35":{"start":{"line":59,"column":4},"end":{"line":59,"column":37}},"36":{"start":{"line":60,"column":4},"end":{"line":60,"column":21}},"37":{"start":{"line":61,"column":4},"end":{"line":61,"column":14}},"38":{"start":{"line":68,"column":0},"end":{"line":76,"column":1}},"39":{"start":{"line":69,"column":4},"end":{"line":75,"column":7}},"40":{"start":{"line":70,"column":8},"end":{"line":70,"column":38}},"41":{"start":{"line":71,"column":8},"end":{"line":74,"column":11}},"42":{"start":{"line":80,"column":0},"end":{"line":86,"column":3}},"43":{"start":{"line":81,"column":4},"end":{"line":81,"column":34}},"44":{"start":{"line":82,"column":4},"end":{"line":85,"column":7}},"45":{"start":{"line":88,"column":0},"end":{"line":88,"column":39}},"46":{"start":{"line":89,"column":0},"end":{"line":89,"column":36}},"47":{"start":{"line":91,"column":0},"end":{"line":93,"column":1}},"48":{"start":{"line":92,"column":0},"end":{"line":92,"column":18}},"49":{"start":{"line":95,"column":0},"end":{"line":95,"column":19}},"50":{"start":{"line":96,"column":0},"end":{"line":96,"column":25}},"51":{"start":{"line":98,"column":0},"end":{"line":133,"column":3}},"52":{"start":{"line":101,"column":4},"end":{"line":101,"column":17}},"53":{"start":{"line":103,"column":4},"end":{"line":106,"column":7}},"54":{"start":{"line":104,"column":8},"end":{"line":104,"column":62}},"55":{"start":{"line":105,"column":8},"end":{"line":105,"column":65}},"56":{"start":{"line":108,"column":4},"end":{"line":121,"column":7}},"57":{"start":{"line":109,"column":8},"end":{"line":109,"column":74}},"58":{"start":{"line":111,"column":8},"end":{"line":111,"column":24}},"59":{"start":{"line":113,"column":8},"end":{"line":119,"column":9}},"60":{"start":{"line":114,"column":12},"end":{"line":114,"column":33}},"61":{"start":{"line":115,"column":12},"end":{"line":115,"column":60}},"62":{"start":{"line":117,"column":12},"end":{"line":117,"column":77}},"63":{"start":{"line":118,"column":12},"end":{"line":118,"column":45}},"64":{"start":{"line":120,"column":8},"end":{"line":120,"column":39}},"65":{"start":{"line":123,"column":4},"end":{"line":126,"column":7}},"66":{"start":{"line":125,"column":8},"end":{"line":125,"column":56}},"67":{"start":{"line":128,"column":4},"end":{"line":131,"column":7}},"68":{"start":{"line":130,"column":8},"end":{"line":130,"column":49}},"69":{"start":{"line":135,"column":0},"end":{"line":150,"column":1}},"70":{"start":{"line":136,"column":4},"end":{"line":136,"column":34}},"71":{"start":{"line":137,"column":4},"end":{"line":148,"column":5}},"72":{"start":{"line":139,"column":8},"end":{"line":147,"column":9}},"73":{"start":{"line":140,"column":12},"end":{"line":143,"column":13}},"74":{"start":{"line":141,"column":16},"end":{"line":142,"column":43}},"75":{"start":{"line":142,"column":20},"end":{"line":142,"column":43}},"76":{"start":{"line":144,"column":12},"end":{"line":144,"column":63}},"77":{"start":{"line":145,"column":12},"end":{"line":145,"column":41}},"78":{"start":{"line":146,"column":12},"end":{"line":146,"column":18}},"79":{"start":{"line":149,"column":4},"end":{"line":149,"column":32}},"80":{"start":{"line":152,"column":0},"end":{"line":152,"column":21}}},"branchMap":{"1":{"line":68,"type":"if","locations":[{"start":{"line":68,"column":0},"end":{"line":68,"column":0}},{"start":{"line":68,"column":0},"end":{"line":68,"column":0}}]},"2":{"line":70,"type":"binary-expr","locations":[{"start":{"line":70,"column":19},"end":{"line":70,"column":29}},{"start":{"line":70,"column":33},"end":{"line":70,"column":36}}]},"3":{"line":81,"type":"binary-expr","locations":[{"start":{"line":81,"column":15},"end":{"line":81,"column":25}},{"start":{"line":81,"column":29},"end":{"line":81,"column":32}}]},"4":{"line":91,"type":"if","locations":[{"start":{"line":91,"column":0},"end":{"line":91,"column":0}},{"start":{"line":91,"column":0},"end":{"line":91,"column":0}}]},"5":{"line":113,"type":"if","locations":[{"start":{"line":113,"column":8},"end":{"line":113,"column":8}},{"start":{"line":113,"column":8},"end":{"line":113,"column":8}}]},"6":{"line":139,"type":"if","locations":[{"start":{"line":139,"column":8},"end":{"line":139,"column":8}},{"start":{"line":139,"column":8},"end":{"line":139,"column":8}}]},"7":{"line":141,"type":"if","locations":[{"start":{"line":141,"column":16},"end":{"line":141,"column":16}},{"start":{"line":141,"column":16},"end":{"line":141,"column":16}}]}}},"C:\\Users\\Burak\\Documents\\Visual Studio 2015\\Projects\\PokeChat\\models\\models.js":{"path":"C:\\Users\\Burak\\Documents\\Visual Studio 2015\\Projects\\PokeChat\\models\\models.js","s":{"1":1,"2":1,"3":1,"4":1,"5":1,"6":1,"7":1},"b":{},"f":{},"fnMap":{},"statementMap":{"1":{"start":{"line":1,"column":1},"end":{"line":1,"column":36}},"2":{"start":{"line":4,"column":0},"end":{"line":8,"column":3}},"3":{"start":{"line":10,"column":0},"end":{"line":14,"column":3}},"4":{"start":{"line":16,"column":0},"end":{"line":20,"column":3}},"5":{"start":{"line":22,"column":0},"end":{"line":22,"column":35}},"6":{"start":{"line":23,"column":0},"end":{"line":23,"column":35}},"7":{"start":{"line":24,"column":0},"end":{"line":24,"column":33}}},"branchMap":{}},"C:\\Users\\Burak\\Documents\\Visual Studio 2015\\Projects\\PokeChat\\routes\\chat.js":{"path":"C:\\Users\\Burak\\Documents\\Visual Studio 2015\\Projects\\PokeChat\\routes\\chat.js","s":{"1":1,"2":1,"3":1,"4":1,"5":1,"6":1,"7":2,"8":2,"9":0,"10":0,"11":0,"12":0,"13":1,"14":1,"15":0,"16":0,"17":0,"18":0,"19":0,"20":0,"21":0,"22":0,"23":0,"24":0,"25":0,"26":1,"27":1,"28":0,"29":1,"30":1,"31":1,"32":0,"33":0,"34":0,"35":0,"36":0,"37":0,"38":0,"39":0,"40":0,"41":0,"42":1,"43":1,"44":0,"45":1,"46":0,"47":0,"48":0,"49":0,"50":1},"b":{"1":[2,0],"2":[0,0],"3":[0,0],"4":[0,1],"5":[0,0],"6":[0,0],"7":[0,1],"8":[0,0]},"f":{"1":2,"2":0,"3":0,"4":1,"5":1,"6":1,"7":0,"8":0,"9":0,"10":1,"11":1,"12":0,"13":0},"fnMap":{"1":{"name":"isAuthenticated","line":9,"loc":{"start":{"line":9,"column":0},"end":{"line":9,"column":41}}},"2":{"name":"(anonymous_2)","line":24,"loc":{"start":{"line":24,"column":10},"end":{"line":24,"column":30}}},"3":{"name":"(anonymous_3)","line":30,"loc":{"start":{"line":30,"column":18},"end":{"line":30,"column":39}}},"4":{"name":"(anonymous_4)","line":40,"loc":{"start":{"line":40,"column":9},"end":{"line":40,"column":29}}},"5":{"name":"(anonymous_5)","line":41,"loc":{"start":{"line":41,"column":18},"end":{"line":41,"column":40}}},"6":{"name":"(anonymous_6)","line":44,"loc":{"start":{"line":44,"column":56},"end":{"line":44,"column":78}}},"7":{"name":"(anonymous_7)","line":52,"loc":{"start":{"line":52,"column":9},"end":{"line":52,"column":29}}},"8":{"name":"(anonymous_8)","line":53,"loc":{"start":{"line":53,"column":37},"end":{"line":53,"column":58}}},"9":{"name":"(anonymous_9)","line":61,"loc":{"start":{"line":61,"column":22},"end":{"line":61,"column":43}}},"10":{"name":"(anonymous_10)","line":70,"loc":{"start":{"line":70,"column":9},"end":{"line":70,"column":29}}},"11":{"name":"(anonymous_11)","line":71,"loc":{"start":{"line":71,"column":37},"end":{"line":71,"column":58}}},"12":{"name":"(anonymous_12)","line":77,"loc":{"start":{"line":77,"column":12},"end":{"line":77,"column":32}}},"13":{"name":"(anonymous_13)","line":78,"loc":{"start":{"line":78,"column":43},"end":{"line":78,"column":58}}}},"statementMap":{"1":{"start":{"line":1,"column":1},"end":{"line":1,"column":36}},"2":{"start":{"line":2,"column":0},"end":{"line":2,"column":34}},"3":{"start":{"line":4,"column":0},"end":{"line":4,"column":33}},"4":{"start":{"line":5,"column":0},"end":{"line":5,"column":30}},"5":{"start":{"line":7,"column":0},"end":{"line":7,"column":37}},"6":{"start":{"line":9,"column":0},"end":{"line":18,"column":1}},"7":{"start":{"line":10,"column":4},"end":{"line":11,"column":22}},"8":{"start":{"line":11,"column":8},"end":{"line":11,"column":22}},"9":{"start":{"line":13,"column":4},"end":{"line":14,"column":22}},"10":{"start":{"line":14,"column":8},"end":{"line":14,"column":22}},"11":{"start":{"line":16,"column":4},"end":{"line":16,"column":56}},"12":{"start":{"line":17,"column":4},"end":{"line":17,"column":29}},"13":{"start":{"line":20,"column":0},"end":{"line":20,"column":33}},"14":{"start":{"line":23,"column":0},"end":{"line":49,"column":7}},"15":{"start":{"line":25,"column":8},"end":{"line":25,"column":50}},"16":{"start":{"line":26,"column":8},"end":{"line":26,"column":30}},"17":{"start":{"line":27,"column":8},"end":{"line":27,"column":40}},"18":{"start":{"line":28,"column":8},"end":{"line":28,"column":44}},"19":{"start":{"line":29,"column":8},"end":{"line":29,"column":44}},"20":{"start":{"line":30,"column":8},"end":{"line":37,"column":11}},"21":{"start":{"line":31,"column":12},"end":{"line":34,"column":13}},"22":{"start":{"line":32,"column":16},"end":{"line":32,"column":50}},"23":{"start":{"line":33,"column":16},"end":{"line":33,"column":42}},"24":{"start":{"line":35,"column":12},"end":{"line":35,"column":57}},"25":{"start":{"line":36,"column":12},"end":{"line":36,"column":34}},"26":{"start":{"line":41,"column":8},"end":{"line":48,"column":11}},"27":{"start":{"line":42,"column":12},"end":{"line":43,"column":42}},"28":{"start":{"line":43,"column":16},"end":{"line":43,"column":42}},"29":{"start":{"line":44,"column":12},"end":{"line":47,"column":15}},"30":{"start":{"line":46,"column":16},"end":{"line":46,"column":39}},"31":{"start":{"line":51,"column":0},"end":{"line":84,"column":5}},"32":{"start":{"line":53,"column":8},"end":{"line":68,"column":11}},"33":{"start":{"line":54,"column":12},"end":{"line":55,"column":37}},"34":{"start":{"line":55,"column":16},"end":{"line":55,"column":37}},"35":{"start":{"line":57,"column":12},"end":{"line":57,"column":41}},"36":{"start":{"line":58,"column":12},"end":{"line":58,"column":48}},"37":{"start":{"line":59,"column":12},"end":{"line":59,"column":48}},"38":{"start":{"line":61,"column":12},"end":{"line":66,"column":15}},"39":{"start":{"line":62,"column":16},"end":{"line":63,"column":34}},"40":{"start":{"line":63,"column":20},"end":{"line":63,"column":34}},"41":{"start":{"line":65,"column":16},"end":{"line":65,"column":38}},"42":{"start":{"line":71,"column":8},"end":{"line":75,"column":11}},"43":{"start":{"line":72,"column":12},"end":{"line":73,"column":37}},"44":{"start":{"line":73,"column":16},"end":{"line":73,"column":37}},"45":{"start":{"line":74,"column":12},"end":{"line":74,"column":34}},"46":{"start":{"line":78,"column":8},"end":{"line":82,"column":11}},"47":{"start":{"line":79,"column":12},"end":{"line":80,"column":37}},"48":{"start":{"line":80,"column":16},"end":{"line":80,"column":37}},"49":{"start":{"line":81,"column":12},"end":{"line":81,"column":40}},"50":{"start":{"line":85,"column":0},"end":{"line":85,"column":24}}},"branchMap":{"1":{"line":10,"type":"if","locations":[{"start":{"line":10,"column":4},"end":{"line":10,"column":4}},{"start":{"line":10,"column":4},"end":{"line":10,"column":4}}]},"2":{"line":13,"type":"if","locations":[{"start":{"line":13,"column":4},"end":{"line":13,"column":4}},{"start":{"line":13,"column":4},"end":{"line":13,"column":4}}]},"3":{"line":31,"type":"if","locations":[{"start":{"line":31,"column":12},"end":{"line":31,"column":12}},{"start":{"line":31,"column":12},"end":{"line":31,"column":12}}]},"4":{"line":42,"type":"if","locations":[{"start":{"line":42,"column":12},"end":{"line":42,"column":12}},{"start":{"line":42,"column":12},"end":{"line":42,"column":12}}]},"5":{"line":54,"type":"if","locations":[{"start":{"line":54,"column":12},"end":{"line":54,"column":12}},{"start":{"line":54,"column":12},"end":{"line":54,"column":12}}]},"6":{"line":62,"type":"if","locations":[{"start":{"line":62,"column":16},"end":{"line":62,"column":16}},{"start":{"line":62,"column":16},"end":{"line":62,"column":16}}]},"7":{"line":72,"type":"if","locations":[{"start":{"line":72,"column":12},"end":{"line":72,"column":12}},{"start":{"line":72,"column":12},"end":{"line":72,"column":12}}]},"8":{"line":79,"type":"if","locations":[{"start":{"line":79,"column":12},"end":{"line":79,"column":12}},{"start":{"line":79,"column":12},"end":{"line":79,"column":12}}]}}},"C:\\Users\\Burak\\Documents\\Visual Studio 2015\\Projects\\PokeChat\\routes\\auth.js":{"path":"C:\\Users\\Burak\\Documents\\Visual Studio 2015\\Projects\\PokeChat\\routes\\auth.js","s":{"1":1,"2":1,"3":1,"4":1,"5":2,"6":1,"7":0,"8":1,"9":1,"10":1,"11":0,"12":0,"13":1},"b":{"1":[0,2]},"f":{"1":1,"2":2,"3":0,"4":0},"fnMap":{"1":{"name":"(anonymous_1)","line":5,"loc":{"start":{"line":5,"column":17},"end":{"line":5,"column":37}}},"2":{"name":"(anonymous_2)","line":6,"loc":{"start":{"line":6,"column":27},"end":{"line":6,"column":47}}},"3":{"name":"(anonymous_3)","line":10,"loc":{"start":{"line":10,"column":27},"end":{"line":10,"column":47}}},"4":{"name":"(anonymous_4)","line":24,"loc":{"start":{"line":24,"column":27},"end":{"line":24,"column":47}}}},"statementMap":{"1":{"start":{"line":1,"column":1},"end":{"line":1,"column":34}},"2":{"start":{"line":2,"column":0},"end":{"line":2,"column":30}},"3":{"start":{"line":5,"column":0},"end":{"line":30,"column":1}},"4":{"start":{"line":6,"column":4},"end":{"line":8,"column":7}},"5":{"start":{"line":7,"column":8},"end":{"line":7,"column":73}},"6":{"start":{"line":10,"column":4},"end":{"line":12,"column":7}},"7":{"start":{"line":11,"column":8},"end":{"line":11,"column":92}},"8":{"start":{"line":14,"column":4},"end":{"line":17,"column":8}},"9":{"start":{"line":19,"column":4},"end":{"line":22,"column":8}},"10":{"start":{"line":24,"column":4},"end":{"line":27,"column":7}},"11":{"start":{"line":25,"column":8},"end":{"line":25,"column":21}},"12":{"start":{"line":26,"column":8},"end":{"line":26,"column":26}},"13":{"start":{"line":29,"column":4},"end":{"line":29,"column":18}}},"branchMap":{"1":{"line":7,"type":"cond-expr","locations":[{"start":{"line":7,"column":54},"end":{"line":7,"column":62}},{"start":{"line":7,"column":65},"end":{"line":7,"column":69}}]}}},"C:\\Users\\Burak\\Documents\\Visual Studio 2015\\Projects\\PokeChat\\passport-init.js":{"path":"C:\\Users\\Burak\\Documents\\Visual Studio 2015\\Projects\\PokeChat\\passport-init.js","s":{"1":1,"2":1,"3":1,"4":1,"5":1,"6":1,"7":1,"8":2,"9":1,"10":0,"11":0,"12":1,"13":1,"14":1,"15":0,"16":0,"17":1,"18":0,"19":0,"20":1,"21":0,"22":0,"23":1,"24":1,"25":1,"26":1,"27":1,"28":1,"29":1,"30":0,"31":0,"32":1,"33":0,"34":0,"35":1,"36":1,"37":1,"38":1,"39":1,"40":0,"41":0,"42":1,"43":1,"44":1,"45":1,"46":1},"b":{"1":[0,1],"2":[0,1],"3":[0,1],"4":[0,1],"5":[0,1],"6":[0,1]},"f":{"1":1,"2":2,"3":0,"4":0,"5":1,"6":1,"7":1,"8":1,"9":1,"10":1,"11":1},"fnMap":{"1":{"name":"(anonymous_1)","line":9,"loc":{"start":{"line":9,"column":17},"end":{"line":9,"column":37}}},"2":{"name":"(anonymous_2)","line":12,"loc":{"start":{"line":12,"column":27},"end":{"line":12,"column":49}}},"3":{"name":"(anonymous_3)","line":17,"loc":{"start":{"line":17,"column":29},"end":{"line":17,"column":49}}},"4":{"name":"(anonymous_4)","line":20,"loc":{"start":{"line":20,"column":26},"end":{"line":20,"column":47}}},"5":{"name":"(anonymous_5)","line":31,"loc":{"start":{"line":31,"column":8},"end":{"line":31,"column":49}}},"6":{"name":"(anonymous_6)","line":33,"loc":{"start":{"line":33,"column":16},"end":{"line":33,"column":37}}},"7":{"name":"(anonymous_7)","line":63,"loc":{"start":{"line":63,"column":8},"end":{"line":63,"column":49}}},"8":{"name":"(anonymous_8)","line":65,"loc":{"start":{"line":65,"column":16},"end":{"line":65,"column":37}}},"9":{"name":"(anonymous_9)","line":79,"loc":{"start":{"line":79,"column":37},"end":{"line":79,"column":52}}},"10":{"name":"(anonymous_10)","line":96,"loc":{"start":{"line":96,"column":26},"end":{"line":96,"column":52}}},"11":{"name":"(anonymous_11)","line":100,"loc":{"start":{"line":100,"column":21},"end":{"line":100,"column":41}}}},"statementMap":{"1":{"start":{"line":1,"column":1},"end":{"line":1,"column":36}},"2":{"start":{"line":2,"column":0},"end":{"line":2,"column":34}},"3":{"start":{"line":4,"column":0},"end":{"line":4,"column":55}},"4":{"start":{"line":5,"column":0},"end":{"line":5,"column":38}},"5":{"start":{"line":7,"column":0},"end":{"line":7,"column":37}},"6":{"start":{"line":9,"column":0},"end":{"line":104,"column":2}},"7":{"start":{"line":12,"column":4},"end":{"line":15,"column":7}},"8":{"start":{"line":14,"column":8},"end":{"line":14,"column":36}},"9":{"start":{"line":17,"column":4},"end":{"line":24,"column":7}},"10":{"start":{"line":20,"column":8},"end":{"line":23,"column":11}},"11":{"start":{"line":22,"column":12},"end":{"line":22,"column":35}},"12":{"start":{"line":28,"column":4},"end":{"line":58,"column":7}},"13":{"start":{"line":32,"column":12},"end":{"line":56,"column":14}},"14":{"start":{"line":34,"column":20},"end":{"line":37,"column":21}},"15":{"start":{"line":35,"column":24},"end":{"line":35,"column":59}},"16":{"start":{"line":36,"column":24},"end":{"line":36,"column":41}},"17":{"start":{"line":39,"column":20},"end":{"line":42,"column":21}},"18":{"start":{"line":40,"column":24},"end":{"line":40,"column":61}},"19":{"start":{"line":41,"column":24},"end":{"line":41,"column":49}},"20":{"start":{"line":43,"column":20},"end":{"line":46,"column":21}},"21":{"start":{"line":44,"column":24},"end":{"line":44,"column":64}},"22":{"start":{"line":45,"column":24},"end":{"line":45,"column":49}},"23":{"start":{"line":49,"column":20},"end":{"line":49,"column":90}},"24":{"start":{"line":50,"column":20},"end":{"line":50,"column":40}},"25":{"start":{"line":51,"column":20},"end":{"line":51,"column":47}},"26":{"start":{"line":54,"column":20},"end":{"line":54,"column":44}},"27":{"start":{"line":60,"column":4},"end":{"line":94,"column":6}},"28":{"start":{"line":64,"column":12},"end":{"line":92,"column":14}},"29":{"start":{"line":66,"column":20},"end":{"line":69,"column":21}},"30":{"start":{"line":67,"column":24},"end":{"line":67,"column":60}},"31":{"start":{"line":68,"column":24},"end":{"line":68,"column":41}},"32":{"start":{"line":70,"column":20},"end":{"line":89,"column":21}},"33":{"start":{"line":71,"column":24},"end":{"line":71,"column":81}},"34":{"start":{"line":72,"column":24},"end":{"line":72,"column":49}},"35":{"start":{"line":75,"column":24},"end":{"line":75,"column":49}},"36":{"start":{"line":76,"column":24},"end":{"line":76,"column":52}},"37":{"start":{"line":77,"column":24},"end":{"line":77,"column":64}},"38":{"start":{"line":79,"column":24},"end":{"line":87,"column":27}},"39":{"start":{"line":80,"column":28},"end":{"line":83,"column":29}},"40":{"start":{"line":81,"column":32},"end":{"line":81,"column":84}},"41":{"start":{"line":82,"column":32},"end":{"line":82,"column":42}},"42":{"start":{"line":86,"column":28},"end":{"line":86,"column":55}},"43":{"start":{"line":96,"column":4},"end":{"line":98,"column":6}},"44":{"start":{"line":97,"column":8},"end":{"line":97,"column":59}},"45":{"start":{"line":100,"column":4},"end":{"line":102,"column":6}},"46":{"start":{"line":101,"column":8},"end":{"line":101,"column":71}}},"branchMap":{"1":{"line":34,"type":"if","locations":[{"start":{"line":34,"column":20},"end":{"line":34,"column":20}},{"start":{"line":34,"column":20},"end":{"line":34,"column":20}}]},"2":{"line":39,"type":"if","locations":[{"start":{"line":39,"column":20},"end":{"line":39,"column":20}},{"start":{"line":39,"column":20},"end":{"line":39,"column":20}}]},"3":{"line":43,"type":"if","locations":[{"start":{"line":43,"column":20},"end":{"line":43,"column":20}},{"start":{"line":43,"column":20},"end":{"line":43,"column":20}}]},"4":{"line":66,"type":"if","locations":[{"start":{"line":66,"column":20},"end":{"line":66,"column":20}},{"start":{"line":66,"column":20},"end":{"line":66,"column":20}}]},"5":{"line":70,"type":"if","locations":[{"start":{"line":70,"column":20},"end":{"line":70,"column":20}},{"start":{"line":70,"column":20},"end":{"line":70,"column":20}}]},"6":{"line":80,"type":"if","locations":[{"start":{"line":80,"column":28},"end":{"line":80,"column":28}},{"start":{"line":80,"column":28},"end":{"line":80,"column":28}}]}}}}