TN:
SF:C:\Users\Burak\Documents\Visual Studio 2015\Projects\PokeChat\app.js
FN:24,(anonymous_1)
FN:25,(anonymous_2)
FN:58,(anonymous_3)
FN:69,(anonymous_4)
FN:80,(anonymous_5)
FN:98,(anonymous_6)
FN:103,(anonymous_7)
FN:108,(anonymous_8)
FN:123,(anonymous_9)
FN:128,(anonymous_10)
FN:135,removeFromArray
FNF:11
FNH:1
FNDA:0,(anonymous_1)
FNDA:1,(anonymous_2)
FNDA:0,(anonymous_3)
FNDA:0,(anonymous_4)
FNDA:0,(anonymous_5)
FNDA:0,(anonymous_6)
FNDA:0,(anonymous_7)
FNDA:0,(anonymous_8)
FNDA:0,(anonymous_9)
FNDA:0,(anonymous_10)
FNDA:0,removeFromArray
DA:1,1
DA:2,1
DA:3,1
DA:4,1
DA:5,1
DA:6,1
DA:8,1
DA:9,1
DA:12,1
DA:17,1
DA:18,1
DA:20,1
DA:22,1
DA:23,1
DA:24,1
DA:25,1
DA:26,1
DA:30,1
DA:33,1
DA:34,1
DA:38,1
DA:39,1
DA:40,1
DA:41,1
DA:43,1
DA:44,1
DA:45,1
DA:46,1
DA:50,1
DA:51,1
DA:54,1
DA:55,1
DA:58,1
DA:59,0
DA:60,0
DA:61,0
DA:68,1
DA:69,1
DA:70,0
DA:71,0
DA:80,1
DA:81,0
DA:82,0
DA:88,1
DA:89,1
DA:91,1
DA:92,0
DA:95,1
DA:96,1
DA:98,1
DA:101,0
DA:103,0
DA:104,0
DA:105,0
DA:108,0
DA:109,0
DA:111,0
DA:113,0
DA:114,0
DA:115,0
DA:117,0
DA:118,0
DA:120,0
DA:123,0
DA:125,0
DA:128,0
DA:130,0
DA:135,1
DA:136,0
DA:137,0
DA:139,0
DA:140,0
DA:141,0
DA:142,0
DA:144,0
DA:145,0
DA:146,0
DA:149,0
DA:152,1
LF:79
LH:44
BRDA:68,1,0,1
BRDA:68,1,1,0
BRDA:70,2,0,0
BRDA:70,2,1,0
BRDA:81,3,0,0
BRDA:81,3,1,0
BRDA:91,4,0,0
BRDA:91,4,1,1
BRDA:113,5,0,0
BRDA:113,5,1,0
BRDA:139,6,0,0
BRDA:139,6,1,0
BRDA:141,7,0,0
BRDA:141,7,1,0
BRF:14
BRH:2
end_of_record
TN:
SF:C:\Users\Burak\Documents\Visual Studio 2015\Projects\PokeChat\models\models.js
FNF:0
FNH:0
DA:1,1
DA:4,1
DA:10,1
DA:16,1
DA:22,1
DA:23,1
DA:24,1
LF:7
LH:7
BRF:0
BRH:0
end_of_record
TN:
SF:C:\Users\Burak\Documents\Visual Studio 2015\Projects\PokeChat\routes\chat.js
FN:9,isAuthenticated
FN:24,(anonymous_2)
FN:30,(anonymous_3)
FN:40,(anonymous_4)
FN:41,(anonymous_5)
FN:44,(anonymous_6)
FN:52,(anonymous_7)
FN:53,(anonymous_8)
FN:61,(anonymous_9)
FN:70,(anonymous_10)
FN:71,(anonymous_11)
FN:77,(anonymous_12)
FN:78,(anonymous_13)
FNF:13
FNH:6
FNDA:2,isAuthenticated
FNDA:0,(anonymous_2)
FNDA:0,(anonymous_3)
FNDA:1,(anonymous_4)
FNDA:1,(anonymous_5)
FNDA:1,(anonymous_6)
FNDA:0,(anonymous_7)
FNDA:0,(anonymous_8)
FNDA:0,(anonymous_9)
FNDA:1,(anonymous_10)
FNDA:1,(anonymous_11)
FNDA:0,(anonymous_12)
FNDA:0,(anonymous_13)
DA:1,1
DA:2,1
DA:4,1
DA:5,1
DA:7,1
DA:9,1
DA:10,2
DA:11,2
DA:13,0
DA:14,0
DA:16,0
DA:17,0
DA:20,1
DA:23,1
DA:25,0
DA:26,0
DA:27,0
DA:28,0
DA:29,0
DA:30,0
DA:31,0
DA:32,0
DA:33,0
DA:35,0
DA:36,0
DA:41,1
DA:42,1
DA:43,0
DA:44,1
DA:46,1
DA:51,1
DA:53,0
DA:54,0
DA:55,0
DA:57,0
DA:58,0
DA:59,0
DA:61,0
DA:62,0
DA:63,0
DA:65,0
DA:71,1
DA:72,1
DA:73,0
DA:74,1
DA:78,0
DA:79,0
DA:80,0
DA:81,0
DA:85,1
LF:50
LH:19
BRDA:10,1,0,2
BRDA:10,1,1,0
BRDA:13,2,0,0
BRDA:13,2,1,0
BRDA:31,3,0,0
BRDA:31,3,1,0
BRDA:42,4,0,0
BRDA:42,4,1,1
BRDA:54,5,0,0
BRDA:54,5,1,0
BRDA:62,6,0,0
BRDA:62,6,1,0
BRDA:72,7,0,0
BRDA:72,7,1,1
BRDA:79,8,0,0
BRDA:79,8,1,0
BRF:16
BRH:3
end_of_record
TN:
SF:C:\Users\Burak\Documents\Visual Studio 2015\Projects\PokeChat\routes\auth.js
FN:5,(anonymous_1)
FN:6,(anonymous_2)
FN:10,(anonymous_3)
FN:24,(anonymous_4)
FNF:4
FNH:2
FNDA:1,(anonymous_1)
FNDA:2,(anonymous_2)
FNDA:0,(anonymous_3)
FNDA:0,(anonymous_4)
DA:1,1
DA:2,1
DA:5,1
DA:6,1
DA:7,2
DA:10,1
DA:11,0
DA:14,1
DA:19,1
DA:24,1
DA:25,0
DA:26,0
DA:29,1
LF:13
LH:10
BRDA:7,1,0,0
BRDA:7,1,1,2
BRF:2
BRH:1
end_of_record
TN:
SF:C:\Users\Burak\Documents\Visual Studio 2015\Projects\PokeChat\passport-init.js
FN:9,(anonymous_1)
FN:12,(anonymous_2)
FN:17,(anonymous_3)
FN:20,(anonymous_4)
FN:31,(anonymous_5)
FN:33,(anonymous_6)
FN:63,(anonymous_7)
FN:65,(anonymous_8)
FN:79,(anonymous_9)
FN:96,(anonymous_10)
FN:100,(anonymous_11)
FNF:11
FNH:9
FNDA:1,(anonymous_1)
FNDA:2,(anonymous_2)
FNDA:0,(anonymous_3)
FNDA:0,(anonymous_4)
FNDA:1,(anonymous_5)
FNDA:1,(anonymous_6)
FNDA:1,(anonymous_7)
FNDA:1,(anonymous_8)
FNDA:1,(anonymous_9)
FNDA:1,(anonymous_10)
FNDA:1,(anonymous_11)
DA:1,1
DA:2,1
DA:4,1
DA:5,1
DA:7,1
DA:9,1
DA:12,1
DA:14,2
DA:17,1
DA:20,0
DA:22,0
DA:28,1
DA:32,1
DA:34,1
DA:35,0
DA:36,0
DA:39,1
DA:40,0
DA:41,0
DA:43,1
DA:44,0
DA:45,0
DA:49,1
DA:50,1
DA:51,1
DA:54,1
DA:60,1
DA:64,1
DA:66,1
DA:67,0
DA:68,0
DA:70,1
DA:71,0
DA:72,0
DA:75,1
DA:76,1
DA:77,1
DA:79,1
DA:80,1
DA:81,0
DA:82,0
DA:86,1
DA:96,1
DA:97,1
DA:100,1
DA:101,1
LF:46
LH:32
BRDA:34,1,0,0
BRDA:34,1,1,1
BRDA:39,2,0,0
BRDA:39,2,1,1
BRDA:43,3,0,0
BRDA:43,3,1,1
BRDA:66,4,0,0
BRDA:66,4,1,1
BRDA:70,5,0,0
BRDA:70,5,1,1
BRDA:80,6,0,0
BRDA:80,6,1,1
BRF:12
BRH:6
end_of_record
